Build started 18/01/2015 11:47:22.
     1>Project "C:\Users\lab102\Desktop\Dlg5UPDATE_10\Dlg.vcxproj" on node 2 (build target(s)).
     1>InitializeBuildStatus:
         Creating ".\Release\Dlg.unsuccessfulbuild" because "AlwaysCreate" was specified.
       ClCompile:
         All outputs are up-to-date.
         All outputs are up-to-date.
       ResourceCompile:
         All outputs are up-to-date.
       Link:
         All outputs are up-to-date.
         Dlg.vcxproj -> C:\Users\lab102\Desktop\Dlg5UPDATE_10\.\Release\Dlg.exe
       Manifest:
         All outputs are up-to-date.
       FinalizeBuildStatus:
         Deleting file ".\Release\Dlg.unsuccessfulbuild".
         Touching ".\Release\Dlg.lastbuildstate".
     1>Done Building Project "C:\Users\lab102\Desktop\Dlg5UPDATE_10\Dlg.vcxproj" (build target(s)).

Build succeeded.

Time Elapsed 00:00:00.12
