C:\Users\Bar\Documents\Visual Studio 2010\Projects\Dlg5UPDATE_9\.\Release\Dlg.exe
C:\Users\Bar\Documents\Visual Studio 2010\Projects\Dlg5UPDATE_9\.\Release\Dlg.exe.intermediate.manifest
C:\Users\Bar\Documents\Visual Studio 2010\Projects\Dlg5UPDATE_9\Release\cl.command.1.tlog
C:\Users\Bar\Documents\Visual Studio 2010\Projects\Dlg5UPDATE_9\Release\CL.read.1.tlog
C:\Users\Bar\Documents\Visual Studio 2010\Projects\Dlg5UPDATE_9\Release\CL.write.1.tlog
C:\USERS\BAR\DOCUMENTS\VISUAL STUDIO 2010\PROJECTS\DLG5UPDATE_9\RELEASE\DLG.EXE
C:\USERS\BAR\DOCUMENTS\VISUAL STUDIO 2010\PROJECTS\DLG5UPDATE_9\RELEASE\DLG.EXE.INTERMEDIATE.MANIFEST
C:\USERS\BAR\DOCUMENTS\VISUAL STUDIO 2010\PROJECTS\DLG5UPDATE_9\RELEASE\DLG.OBJ
C:\USERS\BAR\DOCUMENTS\VISUAL STUDIO 2010\PROJECTS\DLG5UPDATE_9\RELEASE\DLG.PCH
C:\USERS\BAR\DOCUMENTS\VISUAL STUDIO 2010\PROJECTS\DLG5UPDATE_9\RELEASE\DLG.RES
C:\Users\Bar\Documents\Visual Studio 2010\Projects\Dlg5UPDATE_9\Release\Dlg.vcxprojResolveAssemblyReference.cache
C:\Users\Bar\Documents\Visual Studio 2010\Projects\Dlg5UPDATE_9\Release\Dlg.write.1.tlog
C:\USERS\BAR\DOCUMENTS\VISUAL STUDIO 2010\PROJECTS\DLG5UPDATE_9\RELEASE\DLGDLG.OBJ
C:\USERS\BAR\DOCUMENTS\VISUAL STUDIO 2010\PROJECTS\DLG5UPDATE_9\RELEASE\FIGURE.OBJ
C:\Users\Bar\Documents\Visual Studio 2010\Projects\Dlg5UPDATE_9\Release\link.command.1.tlog
C:\Users\Bar\Documents\Visual Studio 2010\Projects\Dlg5UPDATE_9\Release\link.read.1.tlog
C:\Users\Bar\Documents\Visual Studio 2010\Projects\Dlg5UPDATE_9\Release\link.write.1.tlog
C:\Users\Bar\Documents\Visual Studio 2010\Projects\Dlg5UPDATE_9\Release\link-cvtres.read.1.tlog
C:\Users\Bar\Documents\Visual Studio 2010\Projects\Dlg5UPDATE_9\Release\link-cvtres.write.1.tlog
C:\Users\Bar\Documents\Visual Studio 2010\Projects\Dlg5UPDATE_9\Release\mt.command.1.tlog
C:\Users\Bar\Documents\Visual Studio 2010\Projects\Dlg5UPDATE_9\Release\mt.read.1.tlog
C:\Users\Bar\Documents\Visual Studio 2010\Projects\Dlg5UPDATE_9\Release\mt.write.1.tlog
C:\Users\Bar\Documents\Visual Studio 2010\Projects\Dlg5UPDATE_9\Release\rc.command.1.tlog
C:\Users\Bar\Documents\Visual Studio 2010\Projects\Dlg5UPDATE_9\Release\rc.read.1.tlog
C:\Users\Bar\Documents\Visual Studio 2010\Projects\Dlg5UPDATE_9\Release\rc.write.1.tlog
C:\USERS\BAR\DOCUMENTS\VISUAL STUDIO 2010\PROJECTS\DLG5UPDATE_9\RELEASE\STACKM.OBJ
C:\USERS\BAR\DOCUMENTS\VISUAL STUDIO 2010\PROJECTS\DLG5UPDATE_9\RELEASE\STDAFX.OBJ
C:\USERS\BAR\DOCUMENTS\VISUAL STUDIO 2010\PROJECTS\DLG5UPDATE_9\RELEASE\UNDOREDO.OBJ
C:\USERS\BAR\DOCUMENTS\VISUAL STUDIO 2010\PROJECTS\DLG5UPDATE_9\RELEASE\VC100.PDB
